0 info it worked if it ends with ok
1 verbose cli [ '/usr/local/bin/node',
1 verbose cli   '/usr/local/bin/npm',
1 verbose cli   'view',
1 verbose cli   'cssutilities-options' ]
2 info using npm@2.14.20
3 info using node@v4.4.1
4 silly mapToRegistry name cssutilities-options
5 silly mapToRegistry using default registry
6 silly mapToRegistry registry https://registry.npmjs.org/
7 silly mapToRegistry uri https://registry.npmjs.org/cssutilities-options
8 verbose request uri https://registry.npmjs.org/cssutilities-options
9 verbose request no auth needed
10 info attempt registry request try #1 at 12:40:44 AM
11 verbose request using bearer token for auth
12 verbose request id 4bb221c8e375c86a
13 http request GET https://registry.npmjs.org/cssutilities-options
14 http 404 https://registry.npmjs.org/cssutilities-options
15 verbose headers { 'content-type': 'application/json',
15 verbose headers   'cache-control': 'max-age=0',
15 verbose headers   'content-length': '2',
15 verbose headers   'accept-ranges': 'bytes',
15 verbose headers   date: 'Fri, 01 Apr 2016 19:10:34 GMT',
15 verbose headers   via: '1.1 varnish',
15 verbose headers   connection: 'keep-alive',
15 verbose headers   'x-served-by': 'cache-sin6920-SIN',
15 verbose headers   'x-cache': 'MISS',
15 verbose headers   'x-cache-hits': '0',
15 verbose headers   'x-timer': 'S1459537833.420221,VS0,VE1009' }
16 silly get cb [ 404,
16 silly get   { 'content-type': 'application/json',
16 silly get     'cache-control': 'max-age=0',
16 silly get     'content-length': '2',
16 silly get     'accept-ranges': 'bytes',
16 silly get     date: 'Fri, 01 Apr 2016 19:10:34 GMT',
16 silly get     via: '1.1 varnish',
16 silly get     connection: 'keep-alive',
16 silly get     'x-served-by': 'cache-sin6920-SIN',
16 silly get     'x-cache': 'MISS',
16 silly get     'x-cache-hits': '0',
16 silly get     'x-timer': 'S1459537833.420221,VS0,VE1009' } ]
17 verbose stack Error: Registry returned 404 for GET on https://registry.npmjs.org/cssutilities-options
17 verbose stack     at makeError (/usr/local/lib/node_modules/npm/node_modules/npm-registry-client/lib/request.js:264:12)
17 verbose stack     at CachingRegistryClient.<anonymous> (/usr/local/lib/node_modules/npm/node_modules/npm-registry-client/lib/request.js:242:14)
17 verbose stack     at Request._callback (/usr/local/lib/node_modules/npm/node_modules/npm-registry-client/lib/request.js:172:14)
17 verbose stack     at Request.self.callback (/usr/local/lib/node_modules/npm/node_modules/request/request.js:199:22)
17 verbose stack     at emitTwo (events.js:87:13)
17 verbose stack     at Request.emit (events.js:172:7)
17 verbose stack     at Request.<anonymous> (/usr/local/lib/node_modules/npm/node_modules/request/request.js:1036:10)
17 verbose stack     at emitOne (events.js:82:20)
17 verbose stack     at Request.emit (events.js:169:7)
17 verbose stack     at IncomingMessage.<anonymous> (/usr/local/lib/node_modules/npm/node_modules/request/request.js:963:12)
18 verbose statusCode 404
19 verbose pkgid cssutilities-options
20 verbose cwd /workspace/cssutilities-options
21 error Darwin 15.4.0
22 error argv "/usr/local/bin/node" "/usr/local/bin/npm" "view" "cssutilities-options"
23 error node v4.4.1
24 error npm  v2.14.20
25 error code E404
26 error 404 Registry returned 404 for GET on https://registry.npmjs.org/cssutilities-options
26 error 404
26 error 404 'cssutilities-options' is not in the npm registry.
26 error 404 You should bug the author to publish it (or use the name yourself!)
26 error 404
26 error 404 Note that you can also install from a
26 error 404 tarball, folder, http url, or git url.
27 verbose exit [ 1, true ]
